<?xml version="1.0" encoding="UTF-8"?>
<testng-results ignored="0" total="1" passed="1" failed="0" skipped="0">
  <reporter-output>
  </reporter-output>
  <suite started-at="2023-06-05T18:14:47Z" name="Default suite" finished-at="2023-06-05T18:14:54Z" duration-ms="6834">
    <groups>
    </groups>
    <test started-at="2023-06-05T18:14:47Z" name="Default test" finished-at="2023-06-05T18:14:54Z" duration-ms="6834">
      <class name="com.testcases.login">
        <test-method is-config="true" signature="setupSuit()[pri:0, instance:com.testcases.login@7f485fda]" started-at="2023-06-05T18:14:47Z" name="setupSuit" finished-at="2023-06-05T18:14:47Z" duration-ms="274" status="PASS">
          <reporter-output>
          </reporter-output>
        </test-method> <!-- setupSuit -->
        <test-method is-config="true" signature="setup()[pri:0, instance:com.testcases.login@7f485fda]" started-at="2023-06-05T18:14:47Z" name="setup" finished-at="2023-06-05T18:14:50Z" duration-ms="2467" status="PASS">
          <reporter-output>
          </reporter-output>
        </test-method> <!-- setup -->
        <test-method signature="loginapp()[pri:0, instance:com.testcases.login@7f485fda]" started-at="2023-06-05T18:14:50Z" name="loginapp" finished-at="2023-06-05T18:14:53Z" duration-ms="3537" status="PASS">
          <reporter-output>
          </reporter-output>
        </test-method> <!-- loginapp -->
        <test-method is-config="true" signature="teardownMethod(org.testng.ITestResult)[pri:0, instance:com.testcases.login@7f485fda]" started-at="2023-06-05T18:14:53Z" name="teardownMethod" finished-at="2023-06-05T18:14:54Z" duration-ms="518" status="PASS">
          <params>
            <param index="0">
              <value>
                <![CDATA[[TestResult name=loginapp status=SUCCESS method=login.loginapp()[pri:0, instance:com.testcases.login@7f485fda] output={null}]]]>
              </value>
            </param>
          </params>
          <reporter-output>
          </reporter-output>
        </test-method> <!-- teardownMethod -->
        <test-method is-config="true" signature="teardown()[pri:0, instance:com.testcases.login@7f485fda]" started-at="2023-06-05T18:14:54Z" name="teardown" finished-at="2023-06-05T18:14:54Z" duration-ms="277" status="PASS">
          <reporter-output>
          </reporter-output>
        </test-method> <!-- teardown -->
      </class> <!-- com.testcases.login -->
    </test> <!-- Default test -->
  </suite> <!-- Default suite -->
</testng-results>
